<?xml version="1.0" encoding="UTF-8"?>
<testsuite xmlns:xsi="http://www.w3.org/2001/XMLSchema-instance" xsi:noNamespaceSchemaLocation="https://maven.apache.org/surefire/maven-surefire-plugin/xsd/surefire-test-report.xsd" name="com.abenezermulugeta.productservice.ProductServiceImplApplicationTests" time="16.282" tests="2" errors="0" skipped="0" failures="0">
  <properties>
[...]
</properties>
  <testcase name="shouldCreateProduct" classname="com.abenezermulugeta.productservice.ProductServiceImplApplicationTests" time="1.147"/>
  <testcase name="shouldGetProducts" classname="com.abenezermulugeta.productservice.ProductServiceImplApplicationTests" time="0.084"/>
</testsuite>